\BOOKMARK [1][-]{section*.2}{Comentarios: \277Qu\351 es esto?}{}% 1
\BOOKMARK [1][-]{section*.3}{Requisitos: \277Qu\351 necesito para empezar?}{}% 2
\BOOKMARK [1][-]{section*.5}{Instalaci\363n: \277Qu\351 tengo que instalar?}{}% 3
\BOOKMARK [1][-]{section*.6}{Comandos para consola de windows}{}% 4
\BOOKMARK [2][-]{section*.7}{\277No te funcionan?}{section*.6}% 5
\BOOKMARK [2][-]{section*.15}{Compilar los dise\361os de QtDesigner}{section*.6}% 6
\BOOKMARK [2][-]{section*.16}{Compilar los recursos de QtDesigner}{section*.6}% 7
\BOOKMARK [1][-]{section*.17}{Herramienta kt}{}% 8
\BOOKMARK [2][-]{section*.18}{\277Qu\351 es?}{section*.17}% 9
\BOOKMARK [2][-]{section*.19}{Instalaci\363n}{section*.17}% 10
\BOOKMARK [2][-]{section*.20}{Uso}{section*.17}% 11
\BOOKMARK [3][-]{section*.21}{Creaci\363n de un proyecto}{section*.20}% 12
\BOOKMARK [3][-]{section*.23}{Compilaci\363n de .ui y .qrc}{section*.20}% 13
\BOOKMARK [1][-]{section*.26}{QtDesigner: \277C\363mo se usa?}{}% 14
\BOOKMARK [2][-]{section*.27}{Creaci\363n de un Form}{section*.26}% 15
\BOOKMARK [2][-]{section*.29}{\277Qu\351 es cada cosa en la IDE?}{section*.26}% 16
\BOOKMARK [3][-]{section*.32}{Object Inspector}{section*.29}% 17
\BOOKMARK [3][-]{section*.34}{Property Editor}{section*.29}% 18
\BOOKMARK [3][-]{section*.36}{Resource Browser}{section*.29}% 19
\BOOKMARK [3][-]{section*.40}{Signal/Slot Editor}{section*.29}% 20
\BOOKMARK [3][-]{section*.43}{Action Editor}{section*.29}% 21
\BOOKMARK [2][-]{section*.44}{Layouts y Containers: \277Qu\351 son?}{section*.26}% 22
\BOOKMARK [2][-]{section*.49}{Paso a paso, \277C\363mo creo una aplicaci\363n?}{section*.26}% 23
\BOOKMARK [2][-]{section*.53}{BonusTrack: \277Qu\351 cosas copadas tiene PyQt?}{section*.26}% 24
\BOOKMARK [3][-]{section*.54}{Ventanas de di\341logo para reutilizar}{section*.53}% 25
\BOOKMARK [1][-]{section*.56}{PyQt}{}% 26
\BOOKMARK [2][-]{section*.57}{\277C\363mo estructurar los proyectos?}{section*.56}% 27
\BOOKMARK [2][-]{section*.67}{\277Qu\351 son Signals, Slots?}{section*.56}% 28
\BOOKMARK [2][-]{section*.69}{\277Qu\351 son los Property?}{section*.56}% 29
\BOOKMARK [2][-]{section*.70}{\277Qu\351 son los Stylesheets?}{section*.56}% 30
\BOOKMARK [1][-]{section*.72}{Horizonte: \277Que m\341s puedo hacer?}{}% 31
